<?xml version="1.0" encoding="UTF-8"?>
<testng-results ignored="0" total="1" passed="1" failed="0" skipped="0">
  <reporter-output>
  </reporter-output>
  <suite started-at="2023-12-28T23:04:57 EET" name="Default suite" finished-at="2023-12-28T23:05:08 EET" duration-ms="11011">
    <groups>
    </groups>
    <test started-at="2023-12-28T23:04:57 EET" name="Default test" finished-at="2023-12-28T23:05:08 EET" duration-ms="11011">
      <class name="com.qa.Testcases.ProductSearchTest">
        <test-method is-config="true" signature="setup()[pri:0, instance:com.qa.Testcases.ProductSearchTest@5e600dd5]" started-at="2023-12-28T23:04:57 EET" name="setup" finished-at="2023-12-28T23:05:05 EET" duration-ms="8001" status="PASS">
          <reporter-output>
          </reporter-output>
        </test-method> <!-- setup -->
        <test-method signature="searchProduct()[pri:0, instance:com.qa.Testcases.ProductSearchTest@5e600dd5]" started-at="2023-12-28T23:05:05 EET" name="searchProduct" finished-at="2023-12-28T23:05:08 EET" duration-ms="2978" status="PASS">
          <reporter-output>
          </reporter-output>
        </test-method> <!-- searchProduct -->
      </class> <!-- com.qa.Testcases.ProductSearchTest -->
    </test> <!-- Default test -->
  </suite> <!-- Default suite -->
</testng-results>
